<?xml version="1.0" encoding="UTF-8"?>
<!-- Generated by org.testng.reporters.JUnitXMLReporter -->
<testsuite ignored="1" hostname="YolandeH-Dell2" failures="1" tests="5" name="HomeLoans" time="0.055" errors="0" timestamp="2022-03-29T15:56:24 SAST">
  <testcase classname="loans.HomeLoan1" name="homeLoan1" time="0.005"/>
  <testcase classname="loans.HomeLoan1" name="homeLoan2" time="0.001"/>
  <testcase classname="loans.HomeLoan1" name="myParameters" time="0.0">
    <failure type="org.testng.TestNGException" message="
Parameter &amp;apos;URL&amp;apos; is required by @Test on method myParameters but has not been marked @Optional or defined
in C:\autoProgram\myFirstMavenProject\MyFirstMavenProject\loansIncludeAndExclude.xml">
      <![CDATA[org.testng.TestNGException: 
Parameter 'URL' is required by @Test on method myParameters but has not been marked @Optional or defined
in C:\autoProgram\myFirstMavenProject\MyFirstMavenProject\loansIncludeAndExclude.xml
at java.base/java.util.ArrayList.forEach(ArrayList.java:1511)
... Removed 26 stack frames]]>
    </failure>
  </testcase> <!-- myParameters -->
  <testcase classname="loans.HomeLoan2" name="homeLoan3" time="0.001"/>
  <testcase classname="loans.HomeLoan2" name="homeLoanFraudTest" time="0.002"/>
  <testcase classname="loans.HomeLoan2" name="homeLoan4" time="0.0">
    <ignored/>
  </testcase> <!-- homeLoan4 -->
</testsuite> <!-- HomeLoans -->
