<?xml version="1.0" encoding="UTF-8"?>
<!-- Generated by org.testng.reporters.JUnitXMLReporter -->
<testsuite ignored="1" hostname="YolandeH-Dell2" failures="2" tests="16" name="Smoke Tests" time="0.071" errors="0" timestamp="2022-03-30T09:38:28 SAST">
  <testcase classname="loans.HomeLoan1" name="failedTest" time="0.005">
    <failure type="java.lang.AssertionError" message="expected [true] but found [false]">
      <![CDATA[java.lang.AssertionError: expected [true] but found [false]
at loans.HomeLoan1.failedTest(HomeLoan1.java:36)
at java.base/java.util.ArrayList.forEach(ArrayList.java:1511)
... Removed 31 stack frames]]>
    </failure>
  </testcase> <!-- failedTest -->
  <testcase classname="loans.HomeLoan1" name="homeLoan1" time="0.001"/>
  <testcase classname="loans.HomeLoan1" name="homeLoan2" time="0.001"/>
  <testcase classname="loans.HomeLoan1" name="myParameters" time="0.0">
    <failure type="org.testng.TestNGException" message="
Parameter &amp;apos;URL&amp;apos; is required by @Test on method myParameters but has not been marked @Optional or defined
in C:\autoProgram\myFirstMavenProject\MyFirstMavenProject\listenersWithGroups.xml">
      <![CDATA[org.testng.TestNGException: 
Parameter 'URL' is required by @Test on method myParameters but has not been marked @Optional or defined
in C:\autoProgram\myFirstMavenProject\MyFirstMavenProject\listenersWithGroups.xml
at java.base/java.util.ArrayList.forEach(ArrayList.java:1511)
... Removed 26 stack frames]]>
    </failure>
  </testcase> <!-- myParameters -->
  <testcase classname="loans.HomeLoan1" name="skippedTest" time="0.001">
    <skipped/>
  </testcase> <!-- skippedTest -->
  <testcase classname="loans.HomeLoan2" name="homeLoan3" time="0.001"/>
  <testcase classname="loans.HomeLoan2" name="homeLoanFraudTest" time="0.001"/>
  <testcase classname="loans.PersonalLoan1" name="personalLoan1" time="0.001"/>
  <testcase classname="loans.PersonalLoan1" name="personalLoan2" time="0.001"/>
  <testcase classname="loans.PersonalLoan2" name="personalLoan3" time="0.0"/>
  <testcase classname="loans.PersonalLoan2" name="personalLoan4" time="0.001"/>
  <testcase classname="loans.VehicleLoan1" name="vehicleLoan1" time="0.001"/>
  <testcase classname="loans.VehicleLoan1" name="vehicleLoan2" time="0.001"/>
  <testcase classname="loans.VehicleLoan2" name="vehicleLoan3" time="0.0"/>
  <testcase classname="loans.VehicleLoan2" name="vehicleLoan4" time="0.001"/>
  <testcase classname="loans.VehicleLoan2" name="vehicleLoan5" time="0.001"/>
  <testcase classname="loans.HomeLoan2" name="homeLoan4" time="0.0">
    <ignored/>
  </testcase> <!-- homeLoan4 -->
</testsuite> <!-- Smoke Tests -->
